<?xml version="1.0" encoding="UTF-8"?>
<!-- Generated by org.testng.reporters.JUnitXMLReporter -->
<testsuite ignored="0" hostname="LAPTOP-1R2AEHNF" failures="0" tests="3" name="Test-1" time="0.284" errors="0" timestamp="2026-05-14T09:19:20 IST">
  <testcase classname="com.comcast.crm.listener.BaseClass" name="@BeforeClass configBC" time="-1.778730560298E9">
    <failure type="org.testng.TestNGException" message="
Parameter &amp;apos;Browser&amp;apos; is required by BeforeClass on method configBC but has not been marked @Optional or defined
in C:\Users\rajpa\SeleniumPractice\ConcastCRMFramework\Suite_DistributedParallel.xml">
      <![CDATA[org.testng.TestNGException: 
Parameter 'Browser' is required by BeforeClass on method configBC but has not been marked @Optional or defined
in C:\Users\rajpa\SeleniumPractice\ConcastCRMFramework\Suite_DistributedParallel.xml
at java.base/java.util.ArrayList.forEach(ArrayList.java:1596)
at java.base/java.util.concurrent.FutureTask.run(FutureTask.java:317)
at java.base/java.util.concurrent.ThreadPoolExecutor.runWorker(ThreadPoolExecutor.java:1144)
at java.base/java.util.concurrent.ThreadPoolExecutor$Worker.run(ThreadPoolExecutor.java:642)
at java.base/java.lang.Thread.run(Thread.java:1583)
... Removed 12 stack frames]]>
    </failure>
  </testcase> <!-- @BeforeClass configBC -->
  <testcase classname="com.comcast.crm.listener.BaseClass" name="@BeforeClass configBC" time="-1.778730560299E9">
    <failure type="org.testng.TestNGException" message="
Parameter &amp;apos;Browser&amp;apos; is required by BeforeClass on method configBC but has not been marked @Optional or defined
in C:\Users\rajpa\SeleniumPractice\ConcastCRMFramework\Suite_DistributedParallel.xml">
      <![CDATA[org.testng.TestNGException: 
Parameter 'Browser' is required by BeforeClass on method configBC but has not been marked @Optional or defined
in C:\Users\rajpa\SeleniumPractice\ConcastCRMFramework\Suite_DistributedParallel.xml
at java.base/java.util.ArrayList.forEach(ArrayList.java:1596)
at java.base/java.util.concurrent.FutureTask.run(FutureTask.java:317)
at java.base/java.util.concurrent.ThreadPoolExecutor.runWorker(ThreadPoolExecutor.java:1144)
at java.base/java.util.concurrent.ThreadPoolExecutor$Worker.run(ThreadPoolExecutor.java:642)
at java.base/java.lang.Thread.run(Thread.java:1583)
... Removed 12 stack frames]]>
    </failure>
  </testcase> <!-- @BeforeClass configBC -->
  <testcase classname="com.comcast.crm.listener.BaseClass" name="@BeforeMethod configBM" time="0.051">
    <failure type="java.lang.NullPointerException" message="Cannot invoke &amp;quot;org.openqa.selenium.WebDriver.manage()&amp;quot; because &amp;quot;driver&amp;quot; is null">
      <![CDATA[java.lang.NullPointerException: Cannot invoke "org.openqa.selenium.WebDriver.manage()" because "driver" is null
at com.concast.crm.generic.webdriverutility.WebDriverUtility.waitForPageToLoad(WebDriverUtility.java:16)
at com.comcast.crm.objectrepositoryutility.LoginPage.loginToapp(LoginPage.java:45)
at com.comcast.crm.listener.BaseClass.configBM(BaseClass.java:101)
at java.base/java.util.ArrayList.forEach(ArrayList.java:1596)
at java.base/java.util.concurrent.FutureTask.run(FutureTask.java:317)
at java.base/java.util.concurrent.ThreadPoolExecutor.runWorker(ThreadPoolExecutor.java:1144)
at java.base/java.util.concurrent.ThreadPoolExecutor$Worker.run(ThreadPoolExecutor.java:642)
at java.base/java.lang.Thread.run(Thread.java:1583)
... Removed 19 stack frames]]>
    </failure>
  </testcase> <!-- @BeforeMethod configBM -->
  <testcase classname="com.comcast.crm.listener.BaseClass" name="@BeforeMethod configBM" time="0.051">
    <failure type="java.lang.NullPointerException" message="Cannot invoke &amp;quot;org.openqa.selenium.WebDriver.manage()&amp;quot; because &amp;quot;driver&amp;quot; is null">
      <![CDATA[java.lang.NullPointerException: Cannot invoke "org.openqa.selenium.WebDriver.manage()" because "driver" is null
at com.concast.crm.generic.webdriverutility.WebDriverUtility.waitForPageToLoad(WebDriverUtility.java:16)
at com.comcast.crm.objectrepositoryutility.LoginPage.loginToapp(LoginPage.java:45)
at com.comcast.crm.listener.BaseClass.configBM(BaseClass.java:101)
at java.base/java.util.ArrayList.forEach(ArrayList.java:1596)
at java.base/java.util.concurrent.FutureTask.run(FutureTask.java:317)
at java.base/java.util.concurrent.ThreadPoolExecutor.runWorker(ThreadPoolExecutor.java:1144)
at java.base/java.util.concurrent.ThreadPoolExecutor$Worker.run(ThreadPoolExecutor.java:642)
at java.base/java.lang.Thread.run(Thread.java:1583)
... Removed 19 stack frames]]>
    </failure>
  </testcase> <!-- @BeforeMethod configBM -->
  <testcase classname="com.comcast.crm.listener.BaseClass" name="@AfterMethod configAM" time="0.022">
    <failure type="java.lang.IllegalArgumentException" message="Driver must be set">
      <![CDATA[java.lang.IllegalArgumentException: Driver must be set
at org.openqa.selenium.internal.Require.nonNull(Require.java:68)
at org.openqa.selenium.interactions.Actions.<init>(Actions.java:65)
at org.openqa.selenium.interactions.Actions.<init>(Actions.java:61)
at com.comcast.crm.objectrepositoryutility.HomePage.logout(HomePage.java:51)
at com.comcast.crm.listener.BaseClass.configAM(BaseClass.java:110)
at java.base/java.util.ArrayList.forEach(ArrayList.java:1596)
at java.base/java.util.concurrent.FutureTask.run(FutureTask.java:317)
at java.base/java.util.concurrent.ThreadPoolExecutor.runWorker(ThreadPoolExecutor.java:1144)
at java.base/java.util.concurrent.ThreadPoolExecutor$Worker.run(ThreadPoolExecutor.java:642)
at java.base/java.lang.Thread.run(Thread.java:1583)
... Removed 20 stack frames]]>
    </failure>
  </testcase> <!-- @AfterMethod configAM -->
  <testcase classname="com.comcast.crm.listener.BaseClass" name="@AfterMethod configAM" time="0.024">
    <failure type="java.lang.IllegalArgumentException" message="Driver must be set">
      <![CDATA[java.lang.IllegalArgumentException: Driver must be set
at org.openqa.selenium.internal.Require.nonNull(Require.java:68)
at org.openqa.selenium.interactions.Actions.<init>(Actions.java:65)
at org.openqa.selenium.interactions.Actions.<init>(Actions.java:61)
at com.comcast.crm.objectrepositoryutility.HomePage.logout(HomePage.java:51)
at com.comcast.crm.listener.BaseClass.configAM(BaseClass.java:110)
at java.base/java.util.ArrayList.forEach(ArrayList.java:1596)
at java.base/java.util.concurrent.FutureTask.run(FutureTask.java:317)
at java.base/java.util.concurrent.ThreadPoolExecutor.runWorker(ThreadPoolExecutor.java:1144)
at java.base/java.util.concurrent.ThreadPoolExecutor$Worker.run(ThreadPoolExecutor.java:642)
at java.base/java.lang.Thread.run(Thread.java:1583)
... Removed 20 stack frames]]>
    </failure>
  </testcase> <!-- @AfterMethod configAM -->
  <testcase classname="com.comcast.crm.listener.BaseClass" name="@BeforeMethod configBM" time="0.003">
    <failure type="java.lang.NullPointerException" message="Cannot invoke &amp;quot;org.openqa.selenium.WebDriver.manage()&amp;quot; because &amp;quot;driver&amp;quot; is null">
      <![CDATA[java.lang.NullPointerException: Cannot invoke "org.openqa.selenium.WebDriver.manage()" because "driver" is null
at com.concast.crm.generic.webdriverutility.WebDriverUtility.waitForPageToLoad(WebDriverUtility.java:16)
at com.comcast.crm.objectrepositoryutility.LoginPage.loginToapp(LoginPage.java:45)
at com.comcast.crm.listener.BaseClass.configBM(BaseClass.java:101)
at java.base/java.util.ArrayList.forEach(ArrayList.java:1596)
at java.base/java.util.concurrent.FutureTask.run(FutureTask.java:317)
at java.base/java.util.concurrent.ThreadPoolExecutor.runWorker(ThreadPoolExecutor.java:1144)
at java.base/java.util.concurrent.ThreadPoolExecutor$Worker.run(ThreadPoolExecutor.java:642)
at java.base/java.lang.Thread.run(Thread.java:1583)
... Removed 19 stack frames]]>
    </failure>
  </testcase> <!-- @BeforeMethod configBM -->
  <testcase classname="com.comcast.crm.listener.BaseClass" name="@BeforeMethod configBM" time="0.004">
    <failure type="java.lang.NullPointerException" message="Cannot invoke &amp;quot;org.openqa.selenium.WebDriver.manage()&amp;quot; because &amp;quot;driver&amp;quot; is null">
      <![CDATA[java.lang.NullPointerException: Cannot invoke "org.openqa.selenium.WebDriver.manage()" because "driver" is null
at com.concast.crm.generic.webdriverutility.WebDriverUtility.waitForPageToLoad(WebDriverUtility.java:16)
at com.comcast.crm.objectrepositoryutility.LoginPage.loginToapp(LoginPage.java:45)
at com.comcast.crm.listener.BaseClass.configBM(BaseClass.java:101)
at java.base/java.util.ArrayList.forEach(ArrayList.java:1596)
at java.base/java.util.concurrent.FutureTask.run(FutureTask.java:317)
at java.base/java.util.concurrent.ThreadPoolExecutor.runWorker(ThreadPoolExecutor.java:1144)
at java.base/java.util.concurrent.ThreadPoolExecutor$Worker.run(ThreadPoolExecutor.java:642)
at java.base/java.lang.Thread.run(Thread.java:1583)
... Removed 19 stack frames]]>
    </failure>
  </testcase> <!-- @BeforeMethod configBM -->
  <testcase classname="com.comcast.crm.listener.BaseClass" name="@AfterMethod configAM" time="0.001">
    <failure type="java.lang.IllegalArgumentException" message="Driver must be set">
      <![CDATA[java.lang.IllegalArgumentException: Driver must be set
at org.openqa.selenium.internal.Require.nonNull(Require.java:68)
at org.openqa.selenium.interactions.Actions.<init>(Actions.java:65)
at org.openqa.selenium.interactions.Actions.<init>(Actions.java:61)
at com.comcast.crm.objectrepositoryutility.HomePage.logout(HomePage.java:51)
at com.comcast.crm.listener.BaseClass.configAM(BaseClass.java:110)
at java.base/java.util.ArrayList.forEach(ArrayList.java:1596)
at java.base/java.util.concurrent.FutureTask.run(FutureTask.java:317)
at java.base/java.util.concurrent.ThreadPoolExecutor.runWorker(ThreadPoolExecutor.java:1144)
at java.base/java.util.concurrent.ThreadPoolExecutor$Worker.run(ThreadPoolExecutor.java:642)
at java.base/java.lang.Thread.run(Thread.java:1583)
... Removed 20 stack frames]]>
    </failure>
  </testcase> <!-- @AfterMethod configAM -->
  <testcase classname="com.comcast.crm.listener.BaseClass" name="@AfterMethod configAM" time="0.001">
    <failure type="java.lang.IllegalArgumentException" message="Driver must be set">
      <![CDATA[java.lang.IllegalArgumentException: Driver must be set
at org.openqa.selenium.internal.Require.nonNull(Require.java:68)
at org.openqa.selenium.interactions.Actions.<init>(Actions.java:65)
at org.openqa.selenium.interactions.Actions.<init>(Actions.java:61)
at com.comcast.crm.objectrepositoryutility.HomePage.logout(HomePage.java:51)
at com.comcast.crm.listener.BaseClass.configAM(BaseClass.java:110)
at java.base/java.util.ArrayList.forEach(ArrayList.java:1596)
at java.base/java.util.concurrent.FutureTask.run(FutureTask.java:317)
at java.base/java.util.concurrent.ThreadPoolExecutor.runWorker(ThreadPoolExecutor.java:1144)
at java.base/java.util.concurrent.ThreadPoolExecutor$Worker.run(ThreadPoolExecutor.java:642)
at java.base/java.lang.Thread.run(Thread.java:1583)
... Removed 20 stack frames]]>
    </failure>
  </testcase> <!-- @AfterMethod configAM -->
  <testcase classname="com.comcast.crm.listener.BaseClass" name="@BeforeMethod configBM" time="0.002">
    <failure type="java.lang.NullPointerException" message="Cannot invoke &amp;quot;org.openqa.selenium.WebDriver.manage()&amp;quot; because &amp;quot;driver&amp;quot; is null">
      <![CDATA[java.lang.NullPointerException: Cannot invoke "org.openqa.selenium.WebDriver.manage()" because "driver" is null
at com.concast.crm.generic.webdriverutility.WebDriverUtility.waitForPageToLoad(WebDriverUtility.java:16)
at com.comcast.crm.objectrepositoryutility.LoginPage.loginToapp(LoginPage.java:45)
at com.comcast.crm.listener.BaseClass.configBM(BaseClass.java:101)
at java.base/java.util.ArrayList.forEach(ArrayList.java:1596)
at java.base/java.util.concurrent.FutureTask.run(FutureTask.java:317)
at java.base/java.util.concurrent.ThreadPoolExecutor.runWorker(ThreadPoolExecutor.java:1144)
at java.base/java.util.concurrent.ThreadPoolExecutor$Worker.run(ThreadPoolExecutor.java:642)
at java.base/java.lang.Thread.run(Thread.java:1583)
... Removed 19 stack frames]]>
    </failure>
  </testcase> <!-- @BeforeMethod configBM -->
  <testcase classname="com.comcast.crm.listener.BaseClass" name="@BeforeMethod configBM" time="0.003">
    <failure type="java.lang.NullPointerException" message="Cannot invoke &amp;quot;org.openqa.selenium.WebDriver.manage()&amp;quot; because &amp;quot;driver&amp;quot; is null">
      <![CDATA[java.lang.NullPointerException: Cannot invoke "org.openqa.selenium.WebDriver.manage()" because "driver" is null
at com.concast.crm.generic.webdriverutility.WebDriverUtility.waitForPageToLoad(WebDriverUtility.java:16)
at com.comcast.crm.objectrepositoryutility.LoginPage.loginToapp(LoginPage.java:45)
at com.comcast.crm.listener.BaseClass.configBM(BaseClass.java:101)
at java.base/java.util.ArrayList.forEach(ArrayList.java:1596)
at java.base/java.util.concurrent.FutureTask.run(FutureTask.java:317)
at java.base/java.util.concurrent.ThreadPoolExecutor.runWorker(ThreadPoolExecutor.java:1144)
at java.base/java.util.concurrent.ThreadPoolExecutor$Worker.run(ThreadPoolExecutor.java:642)
at java.base/java.lang.Thread.run(Thread.java:1583)
... Removed 19 stack frames]]>
    </failure>
  </testcase> <!-- @BeforeMethod configBM -->
  <testcase classname="com.comcast.crm.listener.BaseClass" name="@AfterMethod configAM" time="0.001">
    <failure type="java.lang.IllegalArgumentException" message="Driver must be set">
      <![CDATA[java.lang.IllegalArgumentException: Driver must be set
at org.openqa.selenium.internal.Require.nonNull(Require.java:68)
at org.openqa.selenium.interactions.Actions.<init>(Actions.java:65)
at org.openqa.selenium.interactions.Actions.<init>(Actions.java:61)
at com.comcast.crm.objectrepositoryutility.HomePage.logout(HomePage.java:51)
at com.comcast.crm.listener.BaseClass.configAM(BaseClass.java:110)
at java.base/java.util.ArrayList.forEach(ArrayList.java:1596)
at java.base/java.util.concurrent.FutureTask.run(FutureTask.java:317)
at java.base/java.util.concurrent.ThreadPoolExecutor.runWorker(ThreadPoolExecutor.java:1144)
at java.base/java.util.concurrent.ThreadPoolExecutor$Worker.run(ThreadPoolExecutor.java:642)
at java.base/java.lang.Thread.run(Thread.java:1583)
... Removed 20 stack frames]]>
    </failure>
  </testcase> <!-- @AfterMethod configAM -->
  <testcase classname="com.comcast.crm.listener.BaseClass" name="@AfterMethod configAM" time="0.0">
    <failure type="java.lang.IllegalArgumentException" message="Driver must be set">
      <![CDATA[java.lang.IllegalArgumentException: Driver must be set
at org.openqa.selenium.internal.Require.nonNull(Require.java:68)
at org.openqa.selenium.interactions.Actions.<init>(Actions.java:65)
at org.openqa.selenium.interactions.Actions.<init>(Actions.java:61)
at com.comcast.crm.objectrepositoryutility.HomePage.logout(HomePage.java:51)
at com.comcast.crm.listener.BaseClass.configAM(BaseClass.java:110)
at java.base/java.util.ArrayList.forEach(ArrayList.java:1596)
at java.base/java.util.concurrent.FutureTask.run(FutureTask.java:317)
at java.base/java.util.concurrent.ThreadPoolExecutor.runWorker(ThreadPoolExecutor.java:1144)
at java.base/java.util.concurrent.ThreadPoolExecutor$Worker.run(ThreadPoolExecutor.java:642)
at java.base/java.lang.Thread.run(Thread.java:1583)
... Removed 20 stack frames]]>
    </failure>
  </testcase> <!-- @AfterMethod configAM -->
  <testcase classname="com.comcast.crm.listener.BaseClass" name="@AfterClass configAC" time="0.003">
    <failure type="java.lang.NullPointerException" message="Cannot invoke &amp;quot;org.openqa.selenium.WebDriver.quit()&amp;quot; because &amp;quot;this.driver&amp;quot; is null">
      <![CDATA[java.lang.NullPointerException: Cannot invoke "org.openqa.selenium.WebDriver.quit()" because "this.driver" is null
at com.comcast.crm.listener.BaseClass.configAC(BaseClass.java:118)
at java.base/java.util.ArrayList.forEach(ArrayList.java:1596)
at java.base/java.util.concurrent.FutureTask.run(FutureTask.java:317)
at java.base/java.util.concurrent.ThreadPoolExecutor.runWorker(ThreadPoolExecutor.java:1144)
at java.base/java.util.concurrent.ThreadPoolExecutor$Worker.run(ThreadPoolExecutor.java:642)
at java.base/java.lang.Thread.run(Thread.java:1583)
... Removed 14 stack frames]]>
    </failure>
  </testcase> <!-- @AfterClass configAC -->
  <testcase classname="com.comcast.crm.listener.BaseClass" name="@AfterClass configAC" time="0.002">
    <failure type="java.lang.NullPointerException" message="Cannot invoke &amp;quot;org.openqa.selenium.WebDriver.quit()&amp;quot; because &amp;quot;this.driver&amp;quot; is null">
      <![CDATA[java.lang.NullPointerException: Cannot invoke "org.openqa.selenium.WebDriver.quit()" because "this.driver" is null
at com.comcast.crm.listener.BaseClass.configAC(BaseClass.java:118)
at java.base/java.util.ArrayList.forEach(ArrayList.java:1596)
at java.base/java.util.concurrent.FutureTask.run(FutureTask.java:317)
at java.base/java.util.concurrent.ThreadPoolExecutor.runWorker(ThreadPoolExecutor.java:1144)
at java.base/java.util.concurrent.ThreadPoolExecutor$Worker.run(ThreadPoolExecutor.java:642)
at java.base/java.lang.Thread.run(Thread.java:1583)
... Removed 14 stack frames]]>
    </failure>
  </testcase> <!-- @AfterClass configAC -->
  <testcase classname="com.comcast.crm.OrgTest1.CreateOrgwithTestNGTest" name="createOrgTest" time="0.001">
    <skipped/>
  </testcase> <!-- createOrgTest -->
  <testcase classname="com.comcast.crm.OrgTest1.CreateOrgwithTestNGTest" name="createOrgWithPhoneNumberTest" time="0.0">
    <skipped/>
  </testcase> <!-- createOrgWithPhoneNumberTest -->
  <testcase classname="com.comcast.crm.OrgTest1.CreateOrgwithTestNGTest" name="createOrgwithIndus" time="0.0">
    <skipped/>
  </testcase> <!-- createOrgwithIndus -->
</testsuite> <!-- Test-1 -->
