<?xml version="1.0" encoding="UTF-8"?>
<!-- Generated by org.testng.reporters.JUnitXMLReporter -->
<testsuite ignored="2" hostname="LAPTOP-1R2AEHNF" failures="0" tests="6" name="TestRunner-Chrome" time="60.21" errors="0" timestamp="2026-05-13T19:07:17 IST">
  <testcase classname="com.comcast.crm.ContactTest1.CreateContactTestwithTestNG" name="CreateContactWithOrgTest" time="16.997"/>
  <testcase classname="com.comcast.crm.ContactTest1.CreateContactTestwithTestNG" name="createContactTest" time="3.323"/>
  <testcase classname="com.comcast.crm.ContactTest1.CreateContactTestwithTestNG" name="createContactwithDate" time="4.155"/>
  <testcase classname="com.comcast.crm.OrgTest1.CreateOrgwithTestNGTest" name="createOrgTest" time="8.131"/>
  <testcase classname="com.comcast.crm.OrgTest1.CreateOrgwithTestNGTest" name="createOrgWithPhoneNumberTest" time="3.804"/>
  <testcase classname="com.comcast.crm.OrgTest1.CreateOrgwithTestNGTest" name="createOrgwithIndus" time="8.912"/>
  <testcase classname="com.comcast.crm.listener.BaseClass" name="@AfterSuite configAS" time="0.0">
    <ignored/>
  </testcase> <!-- @AfterSuite configAS -->
  <testcase classname="com.comcast.crm.listener.BaseClass" name="@BeforeSuite configBS" time="0.0">
    <ignored/>
  </testcase> <!-- @BeforeSuite configBS -->
</testsuite> <!-- TestRunner-Chrome -->
