<?xml version="1.0" encoding="UTF-8"?>
<!-- Generated by org.testng.reporters.JUnitXMLReporter -->
<testsuite ignored="2" hostname="LAPTOP-1R2AEHNF" failures="0" tests="6" name="TestRunner-Chrome" time="110.191" errors="0" timestamp="2026-06-30T17:09:33 IST">
  <testcase classname="com.comcast.crm.ContactTest1.CreateContactTestwithTestNG" name="CreateContactWithOrgTest" time="10.959"/>
  <testcase classname="com.comcast.crm.ContactTest1.CreateContactTestwithTestNG" name="createContactTest" time="2.477"/>
  <testcase classname="com.comcast.crm.ContactTest1.CreateContactTestwithTestNG" name="createContactwithDate" time="0.0">
    <skipped/>
  </testcase> <!-- createContactwithDate -->
  <testcase classname="com.comcast.crm.OrgTest1.CreateOrgwithTestNGTest" name="createOrgTest" time="2.967"/>
  <testcase classname="com.comcast.crm.OrgTest1.CreateOrgwithTestNGTest" name="createOrgWithPhoneNumberTest" time="2.564"/>
  <testcase classname="com.comcast.crm.OrgTest1.CreateOrgwithTestNGTest" name="createOrgwithIndus" time="0.0">
    <skipped/>
  </testcase> <!-- createOrgwithIndus -->
  <testcase classname="com.comcast.crm.listener.BaseClass" name="@AfterSuite configAS" time="0.0">
    <ignored/>
  </testcase> <!-- @AfterSuite configAS -->
  <testcase classname="com.comcast.crm.listener.BaseClass" name="@BeforeSuite configBS" time="0.0">
    <ignored/>
  </testcase> <!-- @BeforeSuite configBS -->
</testsuite> <!-- TestRunner-Chrome -->
