<?xml version="1.0" encoding="UTF-8"?>
<!-- Generated by org.testng.reporters.JUnitXMLReporter -->
<testsuite ignored="0" hostname="LAPTOP-1R2AEHNF" failures="0" tests="3" name="Test-2" time="86.224" errors="0" timestamp="2026-06-30T17:07:25 IST">
  <testcase classname="com.comcast.crm.ContactTest1.CreateContactTestwithTestNG" name="CreateContactWithOrgTest" time="12.236"/>
  <testcase classname="com.comcast.crm.ContactTest1.CreateContactTestwithTestNG" name="createContactTest" time="2.378"/>
  <testcase classname="com.comcast.crm.ContactTest1.CreateContactTestwithTestNG" name="createContactwithDate" time="0.0">
    <skipped/>
  </testcase> <!-- createContactwithDate -->
</testsuite> <!-- Test-2 -->
