<?xml version="1.0" encoding="UTF-8"?>
<!-- Generated by org.testng.reporters.JUnitReportReporter -->
<testsuite hostname="LAPTOP-1R2AEHNF" failures="0" tests="1" name="com.comcast.crm.orgtest.CreateOrgWithPhoneNumberTest" time="26.102" errors="0" timestamp="2026-05-13T17:10:19 IST" skipped="0">
  <testcase classname="com.comcast.crm.orgtest.CreateOrgWithPhoneNumberTest" name="createOrgWithPhoneNumberTest" time="26.102"/>
</testsuite> <!-- com.comcast.crm.orgtest.CreateOrgWithPhoneNumberTest -->
