<?xml version="1.0" encoding="UTF-8"?>
<!-- Generated by org.testng.reporters.JUnitReportReporter -->
<testsuite hostname="LAPTOP-1R2AEHNF" failures="0" tests="11" name="practiceTest.OrderTest" time="0.028" errors="0" timestamp="2026-05-14T12:19:50 IST" skipped="1">
  <testcase classname="practiceTest.OrderTest" name="createOrderTest" time="0.002"/>
  <testcase classname="practiceTest.OrderTest" name="createOrderTest" time="0.002"/>
  <testcase classname="practiceTest.OrderTest" name="createOrderTest" time="0.002"/>
  <testcase classname="practiceTest.OrderTest" name="createOrderTest" time="0.001"/>
  <testcase classname="practiceTest.OrderTest" name="createOrderTest" time="0.002"/>
  <testcase classname="practiceTest.OrderTest" name="createOrderTest" time="0.001"/>
  <testcase classname="practiceTest.OrderTest" name="createOrderTest" time="0.001"/>
  <testcase classname="practiceTest.OrderTest" name="createOrderTest" time="0.002"/>
  <testcase classname="practiceTest.OrderTest" name="createOrderTest" time="0.013"/>
  <testcase classname="practiceTest.OrderTest" name="createOrderTest" time="0.002"/>
  <testcase classname="practiceTest.OrderTest" name="billingOrderTest">
    <skipped/>
  </testcase> <!-- billingOrderTest -->
</testsuite> <!-- practiceTest.OrderTest -->
