<?xml version="1.0" encoding="UTF-8"?>
<!-- Generated by org.testng.reporters.JUnitReportReporter -->
<testsuite hostname="LAPTOP-1R2AEHNF" failures="0" tests="1" name="com.comcast.crm.contacttest.CreatecontactWithSupportDataTest" time="11.399" errors="0" timestamp="2026-05-12T18:53:48 IST" skipped="0">
  <testcase classname="com.comcast.crm.contacttest.CreatecontactWithSupportDataTest" name="createContactwithDate" time="11.399"/>
</testsuite> <!-- com.comcast.crm.contacttest.CreatecontactWithSupportDataTest -->
