<?xml version="1.0" encoding="UTF-8"?>
<!-- Generated by org.testng.reporters.JUnitReportReporter -->
<testsuite hostname="LAPTOP-1R2AEHNF" failures="0" tests="1" name="com.comcast.crm.orgtest.CreateOrganisationWithIndustryTest" time="16.974" errors="0" timestamp="2026-05-12T19:54:17 IST" skipped="0">
  <testcase classname="com.comcast.crm.orgtest.CreateOrganisationWithIndustryTest" name="createOrgwithIndus" time="16.974"/>
</testsuite> <!-- com.comcast.crm.orgtest.CreateOrganisationWithIndustryTest -->
